<?xml version="1.0" encoding="UTF-8"?>
<!-- Generated by org.testng.reporters.JUnitXMLReporter -->
<testsuite ignored="0" hostname="DESKTOP-JOQGUVP" failures="0" tests="3" name="Default test" time="0.572" errors="0" timestamp="2021-09-18T19:49:53 IST">
  <testcase classname="com.crm.qa.testcases.DataProviderExample" name="validateCreateNewContact" time="0.006"/>
  <testcase classname="com.crm.qa.testcases.DataProviderExample" name="validateCreateNewContact" time="0.002"/>
  <testcase classname="com.crm.qa.testcases.DataProviderExample" name="validateCreateNewContact" time="0.001"/>
</testsuite> <!-- Default test -->
