<?xml version="1.0" encoding="UTF-8"?>
<!-- Generated by org.testng.reporters.JUnitXMLReporter -->
<testsuite ignored="0" hostname="DESKTOP-JOQGUVP" failures="0" tests="3" name="Default test" time="7.391" errors="0" timestamp="2021-09-19T00:40:35 IST">
  <testcase classname="com.crm.qa.testcases.LoginPageTest" name="loginPageTitleTest" time="0.014"/>
  <testcase classname="com.crm.qa.testcases.LoginPageTest" name="crmLogoImageTest" time="0.062"/>
  <testcase classname="com.crm.qa.testcases.LoginPageTest" name="loginTest" time="1.872"/>
</testsuite> <!-- Default test -->
