<?xml version="1.0" encoding="UTF-8"?>
<!-- Generated by org.testng.reporters.JUnitXMLReporter -->
<testsuite ignored="0" hostname="DESKTOP-JOQGUVP" failures="0" tests="3" name="LoginTest" time="14.107" errors="0" timestamp="2021-09-15T21:16:49 IST">
  <testcase classname="com.crm.qa.testcases.LoginPageTest" name="loginPageTitleTest" time="0.015"/>
  <testcase classname="com.crm.qa.testcases.LoginPageTest" name="crmLogoImageTest" time="0.08"/>
  <testcase classname="com.crm.qa.testcases.LoginPageTest" name="loginTest" time="6.479"/>
</testsuite> <!-- LoginTest -->
