<?xml version="1.0" encoding="UTF-8"?>
<!-- Generated by org.testng.reporters.JUnitXMLReporter -->
<testsuite ignored="0" hostname="DESKTOP-JOQGUVP" failures="0" tests="6" name="LoginTest" time="8.602" errors="0" timestamp="2021-09-18T19:52:46 IST">
  <testcase classname="com.crm.qa.testcases.LoginPageTest" name="loginPageTitleTest" time="0.013"/>
  <testcase classname="com.crm.qa.testcases.LoginPageTest" name="crmLogoImageTest" time="0.056"/>
  <testcase classname="com.crm.qa.testcases.LoginPageTest" name="loginTest" time="1.912"/>
  <testcase classname="com.crm.qa.testcases.DataProviderExample" name="validateCreateNewContact" time="0.001"/>
  <testcase classname="com.crm.qa.testcases.DataProviderExample" name="validateCreateNewContact" time="0.001"/>
  <testcase classname="com.crm.qa.testcases.DataProviderExample" name="validateCreateNewContact" time="0.002"/>
</testsuite> <!-- LoginTest -->
