<?xml version="1.0" encoding="UTF-8"?>
<testng-results ignored="0" total="6" passed="6" failed="0" skipped="0">
  <reporter-output>
  </reporter-output>
  <suite started-at="2021-09-18T19:52:37 IST" name="Suite" finished-at="2021-09-18T19:52:46 IST" duration-ms="8602">
    <groups>
    </groups>
    <test started-at="2021-09-18T19:52:37 IST" name="LoginTest" finished-at="2021-09-18T19:52:46 IST" duration-ms="8602">
      <class name="com.crm.qa.testcases.DataProviderExample">
        <test-method signature="validateCreateNewContact(java.lang.String,java.lang.String,java.lang.String,java.lang.String)[pri:2, instance:com.crm.qa.testcases.DataProviderExample@f5acb9d]" started-at="2021-09-18T19:52:46 IST" name="validateCreateNewContact" data-provider="getCRMTestData" finished-at="2021-09-18T19:52:46 IST" duration-ms="1" status="PASS">
          <params>
            <param index="0">
              <value>
                <![CDATA[Mr.]]>
              </value>
            </param>
            <param index="1">
              <value>
                <![CDATA[Tom]]>
              </value>
            </param>
            <param index="2">
              <value>
                <![CDATA[Peter]]>
              </value>
            </param>
            <param index="3">
              <value>
                <![CDATA[Google]]>
              </value>
            </param>
          </params>
          <reporter-output>
          </reporter-output>
        </test-method> <!-- validateCreateNewContact -->
        <test-method signature="validateCreateNewContact(java.lang.String,java.lang.String,java.lang.String,java.lang.String)[pri:2, instance:com.crm.qa.testcases.DataProviderExample@f5acb9d]" started-at="2021-09-18T19:52:46 IST" name="validateCreateNewContact" data-provider="getCRMTestData" finished-at="2021-09-18T19:52:46 IST" duration-ms="1" status="PASS">
          <params>
            <param index="0">
              <value>
                <![CDATA[Dr.]]>
              </value>
            </param>
            <param index="1">
              <value>
                <![CDATA[David]]>
              </value>
            </param>
            <param index="2">
              <value>
                <![CDATA[Cris]]>
              </value>
            </param>
            <param index="3">
              <value>
                <![CDATA[Amazon]]>
              </value>
            </param>
          </params>
          <reporter-output>
          </reporter-output>
        </test-method> <!-- validateCreateNewContact -->
        <test-method signature="validateCreateNewContact(java.lang.String,java.lang.String,java.lang.String,java.lang.String)[pri:2, instance:com.crm.qa.testcases.DataProviderExample@f5acb9d]" started-at="2021-09-18T19:52:46 IST" name="validateCreateNewContact" data-provider="getCRMTestData" finished-at="2021-09-18T19:52:46 IST" duration-ms="2" status="PASS">
          <params>
            <param index="0">
              <value>
                <![CDATA[Mrs.]]>
              </value>
            </param>
            <param index="1">
              <value>
                <![CDATA[Mukta]]>
              </value>
            </param>
            <param index="2">
              <value>
                <![CDATA[Sharma]]>
              </value>
            </param>
            <param index="3">
              <value>
                <![CDATA[Ebay]]>
              </value>
            </param>
          </params>
          <reporter-output>
          </reporter-output>
        </test-method> <!-- validateCreateNewContact -->
      </class> <!-- com.crm.qa.testcases.DataProviderExample -->
      <class name="com.crm.qa.testcases.LoginPageTest">
        <test-method is-config="true" signature="setUp()[pri:0, instance:com.crm.qa.testcases.LoginPageTest@614ca7df]" started-at="2021-09-18T19:52:37 IST" name="setUp" finished-at="2021-09-18T19:52:43 IST" duration-ms="5775" status="PASS">
          <reporter-output>
          </reporter-output>
        </test-method> <!-- setUp -->
        <test-method signature="loginPageTitleTest()[pri:1, instance:com.crm.qa.testcases.LoginPageTest@614ca7df]" started-at="2021-09-18T19:52:43 IST" name="loginPageTitleTest" finished-at="2021-09-18T19:52:43 IST" duration-ms="13" status="PASS">
          <reporter-output>
          </reporter-output>
        </test-method> <!-- loginPageTitleTest -->
        <test-method signature="crmLogoImageTest()[pri:2, instance:com.crm.qa.testcases.LoginPageTest@614ca7df]" started-at="2021-09-18T19:52:43 IST" name="crmLogoImageTest" finished-at="2021-09-18T19:52:43 IST" duration-ms="56" status="PASS">
          <reporter-output>
          </reporter-output>
        </test-method> <!-- crmLogoImageTest -->
        <test-method signature="loginTest()[pri:3, instance:com.crm.qa.testcases.LoginPageTest@614ca7df]" started-at="2021-09-18T19:52:43 IST" name="loginTest" finished-at="2021-09-18T19:52:45 IST" duration-ms="1912" status="PASS">
          <reporter-output>
          </reporter-output>
        </test-method> <!-- loginTest -->
        <test-method is-config="true" signature="tearDown()[pri:0, instance:com.crm.qa.testcases.LoginPageTest@614ca7df]" started-at="2021-09-18T19:52:45 IST" name="tearDown" finished-at="2021-09-18T19:52:45 IST" duration-ms="288" status="PASS">
          <reporter-output>
          </reporter-output>
        </test-method> <!-- tearDown -->
      </class> <!-- com.crm.qa.testcases.LoginPageTest -->
    </test> <!-- LoginTest -->
  </suite> <!-- Suite -->
</testng-results>
